v8-version,6,2,414,44,-node.11,0
new,CodeRange,0xea5d300e000,536870912
new,MemoryChunk,0x252dad300000,524288
new,MemoryChunk,0x2fb1ce000000,524288
heap-capacity,1031168
heap-available,1501010432
new,MemoryChunk,0xea5d3080000,524288
new,MemoryChunk,0xea5d3100000,524288
new,MemoryChunk,0xea5d3180000,524288
new,MemoryChunk,0x1d7204100000,524288
new,MemoryChunk,0xea5d3200000,524288
new,MemoryChunk,0xea5d3280000,524288
new,MemoryChunk,0xea5d3300000,524288
new,MemoryChunk,0x70915280000,524288
new,MemoryChunk,0x1d855dd00000,524288
new,MemoryChunk,0x2adcc2800000,524288
new,MemoryChunk,0x156c5ab00000,524288
new,MemoryChunk,0xea5d3380000,524288
check-maps-depth,1
check-maps-depth,1
check-maps-depth,1
check-maps-depth,1
check-maps-depth,1
check-maps-depth,1
check-maps-depth,1
new,MemoryChunk,0xe5ed9300000,524288
new,MemoryChunk,0x33763bd00000,524288
scavenge,begin,0,20929,1527274651682
scavenge,end,0,21561,1527274651682
scavenge,begin,0,25935,1527274651687
new,MemoryChunk,0x245ead480000,524288
new,MemoryChunk,0x2e5373600000,524288
scavenge,end,0,26560,1527274651687
check-maps-depth,1
check-maps-depth,1
check-maps-depth,1
check-maps-depth,1
check-maps-depth,1
check-maps-depth,1
new,MemoryChunk,0x3b179ad80000,524288
new,MemoryChunk,0x1af65ab00000,524288
new,MemoryChunk,0x246145880000,524288
new,MemoryChunk,0x2bfd3f880000,524288
new,MemoryChunk,0x1e875900000,524288
scavenge,begin,0,43211,1527274651704
new,MemoryChunk,0x3909e3180000,524288
new,MemoryChunk,0xf7a54080000,524288
scavenge,end,0,44044,1527274651704
check-maps-depth,1
check-maps-depth,1
check-maps-depth,1
check-maps-depth,1
scavenge,begin,0,64339,1527274651723
new,MemoryChunk,0x2722f8d00000,524288
scavenge,end,0,65603,1527274651724
scavenge,begin,0,81195,1527274651740
new,MemoryChunk,0x258497780000,524288
scavenge,end,0,82278,1527274651741
new,MemoryChunk,0x26dbcd80000,524288
new,MemoryChunk,0x2e9061e00000,524288
new,MemoryChunk,0xd3477300000,524288
new,MemoryChunk,0x3704b3600000,524288
new,MemoryChunk,0xd443fb80000,524288
new,MemoryChunk,0x24b950d00000,524288
new,MemoryChunk,0x1375f8c80000,524288
new,MemoryChunk,0x5a263100000,524288
scavenge,begin,0,95070,1527274651753
new,MemoryChunk,0x14b580d80000,524288
new,MemoryChunk,0x29a4e8680000,524288
scavenge,end,0,96626,1527274651754
scavenge,begin,0,131732,1527274651788
new,MemoryChunk,0x18421f900000,524288
new,MemoryChunk,0x360fbf800000,524288
new,MemoryChunk,0x180aa7380000,524288
scavenge,end,0,134797,1527274651789
scavenge,begin,0,172273,1527274651819
new,MemoryChunk,0x2ccb99900000,524288
scavenge,end,0,175359,1527274651820
new,MemoryChunk,0x308f98980000,524288
scavenge,begin,0,184695,1527274651842
new,MemoryChunk,0x39d5e0f80000,524288
new,MemoryChunk,0x19fd02400000,524288
new,MemoryChunk,0x344e47300000,524288
new,MemoryChunk,0x282329200000,524288
scavenge,end,0,187209,1527274651843
new,MemoryChunk,0x25ed30d00000,524288
new,MemoryChunk,0x29c38dc80000,524288
new,MemoryChunk,0x198ad4c00000,524288
new,MemoryChunk,0xdc34d200000,524288
new,MemoryChunk,0x14a15cf00000,524288
new,MemoryChunk,0x7250cc00000,524288
new,MemoryChunk,0x12828a480000,524288
new,MemoryChunk,0x1877d3c00000,524288
new,MemoryChunk,0x32d740500000,524288
new,MemoryChunk,0xbb5c3e80000,524288
new,MemoryChunk,0x1ffa4fd00000,524288
new,MemoryChunk,0x6b715f80000,524288
new,MemoryChunk,0x22f8fb180000,524288
new,MemoryChunk,0x10c88d380000,524288
new,MemoryChunk,0x31b1fcf00000,524288
new,MemoryChunk,0x28d865f00000,524288
new,MemoryChunk,0x325231500000,524288
scavenge,begin,0,190587,1527274651846
new,MemoryChunk,0x20328780000,524288
new,MemoryChunk,0xa708b280000,524288
new,MemoryChunk,0x22da56180000,524288
scavenge,end,0,192670,1527274651847
check-maps-depth,1
scavenge,begin,0,236987,1527274651891
new,MemoryChunk,0xcec63200000,524288
new,MemoryChunk,0x368d96f80000,524288
new,MemoryChunk,0x23eaf9300000,524288
new,MemoryChunk,0x3f845ca80000,524288
new,MemoryChunk,0xd6904280000,524288
scavenge,end,0,242574,1527274651893
new,MemoryChunk,0x352350f00000,524288
scavenge,begin,0,303515,1527274651950
new,MemoryChunk,0x14804a380000,524288
new,MemoryChunk,0xc994be00000,524288
new,MemoryChunk,0x39c6f7680000,524288
new,MemoryChunk,0x3a5d8e900000,524288
new,MemoryChunk,0x1671e4e00000,524288
new,MemoryChunk,0x1aed0780000,524288
new,MemoryChunk,0xc077a000000,524288
scavenge,end,0,311547,1527274651952
check-maps-depth,1
check-maps-depth,1
new,MemoryChunk,0xfe11f880000,524288
new,MemoryChunk,0x282485580000,524288
new,MemoryChunk,0x198ac1f00000,524288
new,MemoryChunk,0x2238ba780000,524288
new,MemoryChunk,0x325f62400000,524288
new,MemoryChunk,0x95a45000000,524288
new,MemoryChunk,0x2560e0900000,524288
new,MemoryChunk,0x2dafe4300000,524288
new,MemoryChunk,0xf3a33f80000,524288
new,MemoryChunk,0x16dc5b280000,524288
new,MemoryChunk,0x1d7898880000,524288
new,MemoryChunk,0xcb105800000,524288
new,MemoryChunk,0x3b186c180000,524288
new,MemoryChunk,0x286b9000000,524288
new,MemoryChunk,0x9519ab80000,524288
new,MemoryChunk,0x191080d00000,524288
new,MemoryChunk,0xb1446e00000,524288
new,MemoryChunk,0x2b07b6080000,524288
new,MemoryChunk,0xd5dfdd80000,524288
new,MemoryChunk,0x1bed43e00000,524288
new,MemoryChunk,0xf8464000000,524288
new,MemoryChunk,0x2a73f7000000,524288
new,MemoryChunk,0xf8de3180000,524288
new,MemoryChunk,0x74f5b000000,524288
new,MemoryChunk,0x180da8c00000,524288
new,MemoryChunk,0x11b964100000,524288
new,MemoryChunk,0x36fa44700000,524288
new,MemoryChunk,0x152016d80000,524288
new,MemoryChunk,0x34b09d080000,524288
new,MemoryChunk,0x2f7f43a80000,524288
new,MemoryChunk,0x8f4c0880000,524288
new,MemoryChunk,0x128e8b980000,524288
scavenge,begin,0,390046,1527274652027
new,MemoryChunk,0x35eeec700000,524288
new,MemoryChunk,0x288a1d680000,524288
new,MemoryChunk,0xd98cee00000,524288
scavenge,end,0,398207,1527274652029
new,MemoryChunk,0x36891d580000,524288
check-maps-depth,1
check-maps-depth,1
new,MemoryChunk,0x3c12bb80000,15220736
new,MemoryChunk,0x10bb1fe80000,524288
markcompact,begin,0,489404,1527274652111
new,MemoryChunk,0x12eb10200000,524288
new,MemoryChunk,0x269311f80000,524288
new,MemoryChunk,0x153551a80000,524288
delete,MemoryChunk,0x22da56180000
delete,MemoryChunk,0x20328780000
markcompact,end,0,493898,1527274652113
new,MemoryChunk,0x91f1780000,524288
new,MemoryChunk,0x3ea13d680000,729088
new,MemoryChunk,0x3f8cd2a80000,1449984
new,MemoryChunk,0xfafe4b80000,2887680
new,MemoryChunk,0x2b0975800000,5763072
new,MemoryChunk,0x391ead080000,11513856
new,MemoryChunk,0xbef99e80000,843776
new,MemoryChunk,0x6e8c8480000,819200
new,MemoryChunk,0x3bac70f00000,1630208
new,MemoryChunk,0x9cfa0600000,3248128
new,MemoryChunk,0x190420800000,524288
new,MemoryChunk,0xb5a24400000,524288
new,MemoryChunk,0x1ecd0d180000,524288
new,MemoryChunk,0x203aad800000,524288
check-maps-depth,1
new,MemoryChunk,0x1314c8280000,622592
new,MemoryChunk,0x3b4ae0700000,622592
code-deopt,-1,1184,0xea5d339b140,-1,12896,"soft","</home/tim/local/www/algolia/talksearch/talksearch-scraper/node_modules/regenerate/regenerate.js:464:10>","Insufficient type feedback for call"
code-deopt,-1,1184,0xea5d339b5e0,-1,3026,"soft","</home/tim/local/www/algolia/talksearch/talksearch-scraper/node_modules/regenerate/regenerate.js:105:14>","Insufficient type feedback for generic named access"
new,MemoryChunk,0x1a406cd00000,524288
check-maps-depth,1
check-maps-depth,1
check-maps-depth,1
check-maps-depth,1
new,MemoryChunk,0x18d551780000,524288
scavenge,begin,0,645373,1527274652266
new,MemoryChunk,0x224a30080000,524288
new,MemoryChunk,0x2be51c580000,524288
new,MemoryChunk,0x1284c2100000,524288
new,MemoryChunk,0x9610580000,524288
scavenge,end,0,652679,1527274652268
new,MemoryChunk,0xe4829880000,536576
code-deopt,-1,3520,0xea5d33a0d80,-1,10020,"eager","<native array.js:573:19>","no reason"
check-maps-depth,1
check-maps-depth,1
new,MemoryChunk,0x55885300000,524288
check-maps-depth,1
check-maps-depth,1
new,MemoryChunk,0x39eafa700000,1089536
new,MemoryChunk,0x3d463f800000,1089536
new,MemoryChunk,0xffd74e00000,524288
new,MemoryChunk,0x9f2a5c80000,524288
scavenge,begin,0,792341,1527274652394
new,MemoryChunk,0x1dc041e80000,524288
new,MemoryChunk,0x3d2ba3680000,524288
new,MemoryChunk,0xb6685680000,524288
new,MemoryChunk,0x321f63300000,524288
new,MemoryChunk,0x33ea85400000,524288
new,MemoryChunk,0xaf7a300000,524288
new,MemoryChunk,0x2ba6a1680000,524288
scavenge,end,0,803344,1527274652397
code-deopt,-1,992,0xea5d33a5f60,-1,41816,"soft","<path.js:1400:34>","Insufficient type feedback for generic named access"
check-maps-depth,1
code-deopt,-1,6624,0xea5d33b15a0,-1,2153,"eager","</home/tim/local/www/algolia/talksearch/talksearch-scraper/node_modules/babel-traverse/lib/path/index.js:77:20>","wrong map"
code-deopt,-1,1152,0xea5d33b0600,-1,11892,"eager","</home/tim/local/www/algolia/talksearch/talksearch-scraper/node_modules/babel-types/lib/index.js:401:16>","wrong instance type"
code-deopt,-1,1248,0xea5d33b10c0,-1,1707,"eager","</home/tim/local/www/algolia/talksearch/talksearch-scraper/node_modules/core-js/library/modules/_collection.js:40:27>","wrong map"
code-deopt,-1,1088,0xea5d33b01c0,-1,55299,"eager","</home/tim/local/www/algolia/talksearch/talksearch-scraper/node_modules/babylon/lib/index.js:1470:28>","wrong map"
code-deopt,-1,3488,0xea5d33a2d20,-1,10020,"eager","<native array.js:573:19>","wrong map"
code-deopt,-1,2112,0xea5d33a24e0,-1,9602,"eager","<native array.js:542:23>","wrong map"
code-deopt,-1,6944,0xea5d33b6120,9,1608,"eager","</home/tim/local/www/algolia/talksearch/talksearch-scraper/node_modules/babel-traverse/lib/path/index.js:54:14> inlined at </home/tim/local/www/algolia/talksearch/talksearch-scraper/node_modules/babel-traverse/lib/path/index.js:108:14>","wrong map"
new,MemoryChunk,0xa4b01900000,524288
markcompact,begin,0,994781,1527274652544
delete,MemoryChunk,0x3b4ae0700000
delete,MemoryChunk,0x1314c8280000
delete,MemoryChunk,0x3bac70f00000
delete,MemoryChunk,0x6e8c8480000
delete,MemoryChunk,0x2b0975800000
delete,MemoryChunk,0xfafe4b80000
delete,MemoryChunk,0x3f8cd2a80000
delete,MemoryChunk,0x3ea13d680000
delete,MemoryChunk,0x3c12bb80000
new,MemoryChunk,0x1d953600000,524288
new,MemoryChunk,0x2341ae80000,524288
new,MemoryChunk,0x18bcea100000,524288
new,MemoryChunk,0x343e18780000,524288
new,MemoryChunk,0x20e1d5580000,524288
new,MemoryChunk,0x1e72b7280000,524288
markcompact,end,1,6740,1527274652548
code-deopt,-1,8032,0xea5d33ba280,-1,2707,"lazy","</home/tim/local/www/algolia/talksearch/talksearch-scraper/node_modules/babel-traverse/lib/index.js:99:3>","no reason"
code-deopt,-1,8032,0xea5d33ba280,0,5075,"lazy","</home/tim/local/www/algolia/talksearch/talksearch-scraper/node_modules/babel-traverse/lib/context.js:190:19> inlined at </home/tim/local/www/algolia/talksearch/talksearch-scraper/node_modules/babel-traverse/lib/index.js:114:17>","no reason"
code-deopt,-1,8032,0xea5d33ba280,3,3094,"lazy","</home/tim/local/www/algolia/talksearch/talksearch-scraper/node_modules/babel-traverse/lib/context.js:108:19> inlined at </home/tim/local/www/algolia/talksearch/talksearch-scraper/node_modules/babel-traverse/lib/context.js:192:19> inlined at </home/tim/local/www/algolia/talksearch/talksearch-scraper/node_modules/babel-traverse/lib/index.js:114:17>","no reason"
code-deopt,-1,8032,0xea5d33ba280,3,3094,"lazy","</home/tim/local/www/algolia/talksearch/talksearch-scraper/node_modules/babel-traverse/lib/context.js:108:19> inlined at </home/tim/local/www/algolia/talksearch/talksearch-scraper/node_modules/babel-traverse/lib/context.js:192:19> inlined at </home/tim/local/www/algolia/talksearch/talksearch-scraper/node_modules/babel-traverse/lib/index.js:114:17>","no reason"
code-deopt,-1,8032,0xea5d33ba280,0,5075,"lazy","</home/tim/local/www/algolia/talksearch/talksearch-scraper/node_modules/babel-traverse/lib/context.js:190:19> inlined at </home/tim/local/www/algolia/talksearch/talksearch-scraper/node_modules/babel-traverse/lib/index.js:114:17>","no reason"
code-deopt,-1,8032,0xea5d33ba280,3,3094,"lazy","</home/tim/local/www/algolia/talksearch/talksearch-scraper/node_modules/babel-traverse/lib/context.js:108:19> inlined at </home/tim/local/www/algolia/talksearch/talksearch-scraper/node_modules/babel-traverse/lib/context.js:192:19> inlined at </home/tim/local/www/algolia/talksearch/talksearch-scraper/node_modules/babel-traverse/lib/index.js:114:17>","no reason"
code-deopt,-1,8032,0xea5d33ba280,0,5075,"lazy","</home/tim/local/www/algolia/talksearch/talksearch-scraper/node_modules/babel-traverse/lib/context.js:190:19> inlined at </home/tim/local/www/algolia/talksearch/talksearch-scraper/node_modules/babel-traverse/lib/index.js:114:17>","no reason"
code-deopt,-1,1600,0xea5d33b0a80,1,11892,"eager","</home/tim/local/www/algolia/talksearch/talksearch-scraper/node_modules/babel-types/lib/index.js:401:16> inlined at </home/tim/local/www/algolia/talksearch/talksearch-scraper/node_modules/babel-types/lib/index.js:390:17> inlined at </home/tim/local/www/algolia/talksearch/talksearch-scraper/node_modules/babel-types/lib/index.js:347:16>","wrong instance type"
code-deopt,-1,1280,0xea5d33bc1e0,-1,1707,"eager","</home/tim/local/www/algolia/talksearch/talksearch-scraper/node_modules/core-js/library/modules/_collection.js:40:27>","wrong map"
code-deopt,-1,3424,0xea5d33ca1a0,0,1989,"eager","</home/tim/local/www/algolia/talksearch/talksearch-scraper/node_modules/babel-generator/lib/source-map.js:62:69> inlined at </home/tim/local/www/algolia/talksearch/talksearch-scraper/node_modules/babel-generator/lib/buffer.js:96:17>","not a Smi"
scavenge,begin,1,88301,1527274652626
scavenge,end,1,96312,1527274652629
scavenge,begin,1,106596,1527274652640
new,MemoryChunk,0x288c66100000,524288
new,MemoryChunk,0x70d9c100000,524288
new,MemoryChunk,0x15daf7880000,524288
new,MemoryChunk,0x2b5294080000,524288
new,MemoryChunk,0x6633a080000,524288
new,MemoryChunk,0x373552a80000,524288
new,MemoryChunk,0x135e1d680000,524288
new,MemoryChunk,0x296fafc80000,524288
new,MemoryChunk,0x18210d180000,524288
new,MemoryChunk,0x117167b80000,524288
new,MemoryChunk,0x21dfd2600000,524288
new,MemoryChunk,0x29b578000000,524288
new,MemoryChunk,0xd940f300000,524288
scavenge,end,1,112076,1527274652644
new,MemoryChunk,0xa0fe0e80000,15220736
markcompact,begin,1,154708,1527274652702
delete,MemoryChunk,0x373552a80000
delete,MemoryChunk,0x135e1d680000
delete,MemoryChunk,0x296fafc80000
delete,MemoryChunk,0x18210d180000
delete,MemoryChunk,0x117167b80000
delete,MemoryChunk,0x21dfd2600000
delete,MemoryChunk,0x29b578000000
delete,MemoryChunk,0xd940f300000
delete,MemoryChunk,0xa0fe0e80000
delete,MemoryChunk,0x39eafa700000
markcompact,end,1,155622,1527274652703
new,MemoryChunk,0x25226e300000,1314816
new,MemoryChunk,0x169521e80000,7954432
new,MemoryChunk,0x30d568380000,524288
new,MemoryChunk,0xf4ce880000,524288
new,MemoryChunk,0x34a5a0b00000,524288
new,MemoryChunk,0x13b94900000,524288
scavenge,begin,1,264445,1527274652792
new,MemoryChunk,0x2a69ed080000,524288
new,MemoryChunk,0x2ceb2380000,524288
new,MemoryChunk,0x34ac9cf80000,524288
new,MemoryChunk,0x1a8dbfa00000,524288
scavenge,end,1,265957,1527274652793
scavenge,begin,1,303472,1527274652822
scavenge,end,1,305794,1527274652824
scavenge,begin,1,339443,1527274652849
scavenge,end,1,342117,1527274652851
code-deopt,-1,1376,0xea5d33efe80,-1,24607,"eager","</home/tim/local/www/algolia/talksearch/talksearch-scraper/node_modules/lodash/lodash.js:656:44>","wrong map"
scavenge,begin,1,387177,1527274652877
scavenge,end,1,390652,1527274652879
scavenge,begin,1,409559,1527274652896
scavenge,end,1,412392,1527274652898
scavenge,begin,1,430321,1527274652915
new,MemoryChunk,0x248483d80000,524288
scavenge,end,1,432865,1527274652917
scavenge,begin,1,453720,1527274652934
new,MemoryChunk,0x3d9545080000,524288
scavenge,end,1,455951,1527274652935
scavenge,begin,1,471882,1527274652951
new,MemoryChunk,0x3f5129e80000,524288
scavenge,end,1,474483,1527274652953
scavenge,begin,1,491108,1527274652969
new,MemoryChunk,0x1bc72c380000,524288
scavenge,end,1,493362,1527274652971
scavenge,begin,1,509331,1527274652986
scavenge,end,1,511385,1527274652988
scavenge,begin,1,532506,1527274653005
new,MemoryChunk,0x7c48cc80000,524288
scavenge,end,1,534721,1527274653006
scavenge,begin,1,553938,1527274653022
scavenge,end,1,555992,1527274653024
code-deopt,-1,1024,0xea5d3340520,-1,5107,"eager","</home/tim/local/www/algolia/talksearch/talksearch-scraper/node_modules/node-object-hash/objectSorter.js:213:23>","wrong map"
scavenge,begin,1,574205,1527274653041
new,MemoryChunk,0x2eb942b00000,524288
scavenge,end,1,576392,1527274653042
scavenge,begin,1,591167,1527274653057
scavenge,end,1,593217,1527274653058
scavenge,begin,1,608015,1527274653073
new,MemoryChunk,0x3f07ec000000,524288
scavenge,end,1,610173,1527274653074
scavenge,begin,1,624913,1527274653089
new,MemoryChunk,0x3977f500000,524288
scavenge,end,1,627025,1527274653090
scavenge,begin,1,642422,1527274653106
new,MemoryChunk,0x26ac76700000,524288
scavenge,end,1,644526,1527274653107
scavenge,begin,1,659484,1527274653122
scavenge,end,1,661670,1527274653124
scavenge,begin,1,677119,1527274653138
scavenge,end,1,679315,1527274653140
scavenge,begin,1,694087,1527274653154
scavenge,end,1,696202,1527274653156
scavenge,begin,1,710713,1527274653170
new,MemoryChunk,0x50fe2600000,524288
new,MemoryChunk,0x3b5a4e380000,524288
new,MemoryChunk,0x3787b5500000,524288
scavenge,end,1,712912,1527274653172
scavenge,begin,1,727483,1527274653186
new,MemoryChunk,0x364b10a00000,524288
scavenge,end,1,729689,1527274653188
scavenge,begin,1,741675,1527274653203
scavenge,end,1,744228,1527274653205
scavenge,begin,1,759022,1527274653220
new,MemoryChunk,0x2cc5e4c00000,524288
scavenge,end,1,761331,1527274653221
scavenge,begin,1,776406,1527274653236
scavenge,end,1,778799,1527274653238
scavenge,begin,1,793061,1527274653251
scavenge,end,1,795688,1527274653254
scavenge,begin,1,810921,1527274653268
new,MemoryChunk,0x22e721600000,524288
scavenge,end,1,813635,1527274653270
scavenge,begin,1,829381,1527274653285
new,MemoryChunk,0xae0bd900000,524288
new,MemoryChunk,0xf2b07880000,524288
scavenge,end,1,831954,1527274653287
scavenge,begin,1,848688,1527274653303
scavenge,end,1,851065,1527274653305
scavenge,begin,1,866520,1527274653320
new,MemoryChunk,0x2a6898880000,524288
scavenge,end,1,868797,1527274653321
scavenge,begin,1,883846,1527274653336
scavenge,end,1,883846,1527274653338
scavenge,begin,1,900133,1527274653354
new,MemoryChunk,0xfd689c00000,524288
scavenge,end,1,902436,1527274653356
scavenge,begin,1,919579,1527274653373
scavenge,end,1,921737,1527274653374
scavenge,begin,1,937042,1527274653389
scavenge,end,1,939218,1527274653391
scavenge,begin,1,954710,1527274653406
scavenge,end,1,956793,1527274653408
scavenge,begin,1,972157,1527274653423
new,MemoryChunk,0x3afcf9380000,524288
new,MemoryChunk,0x2399a1e80000,524288
new,MemoryChunk,0x1ab2e0b80000,524288
scavenge,end,1,974576,1527274653425
scavenge,begin,1,990243,1527274653440
new,MemoryChunk,0x1e3a58e00000,524288
new,MemoryChunk,0x329193280000,524288
scavenge,end,1,992633,1527274653442
scavenge,begin,2,8471,1527274653457
scavenge,end,2,10761,1527274653459
scavenge,begin,2,26136,1527274653474
scavenge,end,2,28359,1527274653476
scavenge,begin,2,44082,1527274653491
scavenge,end,2,46514,1527274653493
scavenge,begin,2,58476,1527274653508
scavenge,end,2,60705,1527274653510
scavenge,begin,2,75933,1527274653525
new,MemoryChunk,0xe553d680000,524288
new,MemoryChunk,0xba4c7780000,524288
new,MemoryChunk,0x140b3f180000,524288
scavenge,end,2,78153,1527274653526
scavenge,begin,2,93662,1527274653542
scavenge,end,2,95740,1527274653543
scavenge,begin,2,111143,1527274653558
new,MemoryChunk,0x21939c680000,524288
scavenge,end,2,113353,1527274653560
scavenge,begin,2,128566,1527274653575
scavenge,end,2,130712,1527274653576
scavenge,begin,2,145845,1527274653591
new,MemoryChunk,0xa2a66c00000,524288
scavenge,end,2,148027,1527274653593
scavenge,begin,2,163070,1527274653608
scavenge,end,2,165288,1527274653609
scavenge,begin,2,180744,1527274653624
new,MemoryChunk,0x262025080000,524288
scavenge,end,2,180744,1527274653626
scavenge,begin,2,195032,1527274653641
scavenge,end,2,197110,1527274653643
scavenge,begin,2,210968,1527274653656
new,MemoryChunk,0x17f4db800000,524288
scavenge,end,2,210968,1527274653658
scavenge,begin,2,224348,1527274653672
scavenge,end,2,226691,1527274653673
scavenge,begin,2,240296,1527274653687
scavenge,end,2,242848,1527274653689
scavenge,begin,2,257979,1527274653704
new,MemoryChunk,0x2ce4d1180000,524288
scavenge,end,2,260486,1527274653706
scavenge,begin,2,275385,1527274653720
new,MemoryChunk,0x1bd7da480000,524288
new,MemoryChunk,0x376983f80000,524288
scavenge,end,2,275385,1527274653722
scavenge,begin,2,289426,1527274653737
new,MemoryChunk,0x3552bea80000,524288
scavenge,end,2,291664,1527274653738
scavenge,begin,2,305566,1527274653752
scavenge,end,2,307684,1527274653754
scavenge,begin,2,320404,1527274653766
new,MemoryChunk,0x1d4da2580000,524288
scavenge,end,2,322576,1527274653768
scavenge,begin,2,336725,1527274653782
scavenge,end,2,339008,1527274653784
scavenge,begin,2,352858,1527274653797
new,MemoryChunk,0x1993ec400000,524288
new,MemoryChunk,0x21f639900000,524288
scavenge,end,2,355164,1527274653799
scavenge,begin,2,368458,1527274653812
new,MemoryChunk,0x285066380000,524288
new,MemoryChunk,0x36445df00000,524288
scavenge,end,2,370719,1527274653814
scavenge,begin,2,385230,1527274653828
scavenge,end,2,387295,1527274653830
scavenge,begin,2,402880,1527274653845
new,MemoryChunk,0x377a64180000,524288
scavenge,end,2,405130,1527274653847
scavenge,begin,2,420466,1527274653862
scavenge,end,2,422600,1527274653863
scavenge,begin,2,437557,1527274653878
scavenge,end,2,439579,1527274653879
scavenge,begin,2,454463,1527274653894
new,MemoryChunk,0x3c81daa80000,524288
scavenge,end,2,456736,1527274653896
scavenge,begin,2,471896,1527274653910
scavenge,end,2,474022,1527274653912
scavenge,begin,2,489027,1527274653927
new,MemoryChunk,0xd67e9080000,524288
scavenge,end,2,491363,1527274653929
scavenge,begin,2,506598,1527274653944
scavenge,end,2,508984,1527274653945
scavenge,begin,2,524105,1527274653960
scavenge,end,2,524105,1527274653962
scavenge,begin,2,538049,1527274653977
new,MemoryChunk,0x13d2b6c80000,524288
new,MemoryChunk,0x2490a7f00000,524288
scavenge,end,2,540336,1527274653978
scavenge,begin,2,555246,1527274653993
new,MemoryChunk,0x1fb3a9500000,524288
new,MemoryChunk,0x33c3ac800000,524288
scavenge,end,2,557590,1527274653995
scavenge,begin,2,573078,1527274654010
scavenge,end,2,575246,1527274654012
scavenge,begin,2,589482,1527274654026
scavenge,end,2,591602,1527274654027
scavenge,begin,2,606203,1527274654042
scavenge,end,2,608442,1527274654044
scavenge,begin,2,621775,1527274654057
new,MemoryChunk,0x3f8040000000,524288
scavenge,end,2,623886,1527274654058
scavenge,begin,2,637322,1527274654071
scavenge,end,2,639428,1527274654073
scavenge,begin,2,654635,1527274654088
new,MemoryChunk,0x94686a00000,524288
new,MemoryChunk,0x12bd1ae80000,524288
scavenge,end,2,654635,1527274654090
scavenge,begin,2,667069,1527274654103
new,MemoryChunk,0xcf49f880000,524288
scavenge,end,2,669402,1527274654105
scavenge,begin,2,683868,1527274654119
new,MemoryChunk,0x24832c180000,524288
scavenge,end,2,686742,1527274654121
scavenge,begin,2,701041,1527274654135
new,MemoryChunk,0x37e203c00000,524288
scavenge,end,2,703398,1527274654137
scavenge,begin,2,718615,1527274654152
scavenge,end,2,718615,1527274654154
scavenge,begin,2,732475,1527274654169
scavenge,end,2,734589,1527274654170
scavenge,begin,2,748784,1527274654184
new,MemoryChunk,0x3bd742e80000,524288
new,MemoryChunk,0x295573500000,524288
scavenge,end,2,751232,1527274654186
scavenge,begin,2,768723,1527274654203
new,MemoryChunk,0x208282d00000,524288
new,MemoryChunk,0x690d2580000,524288
new,MemoryChunk,0x5319f480000,524288
new,MemoryChunk,0x2d6711680000,524288
scavenge,end,2,771884,1527274654205
scavenge,begin,2,797610,1527274654231
scavenge,end,2,800110,1527274654233
scavenge,begin,2,839188,1527274654272
new,MemoryChunk,0x27bbd2a00000,524288
scavenge,end,2,842548,1527274654274
markcompact,begin,2,857141,1527274654289
delete,MemoryChunk,0x169521e80000
delete,MemoryChunk,0x25226e300000
delete,MemoryChunk,0x295573500000
delete,MemoryChunk,0x3bd742e80000
markcompact,end,2,862282,1527274654291
scavenge,begin,2,903674,1527274654308
scavenge,end,2,905925,1527274654310
scavenge,begin,2,921177,1527274654325
new,MemoryChunk,0x292837880000,524288
scavenge,end,2,924102,1527274654327
new,MemoryChunk,0x24345ca80000,2711552
code-deopt,-1,1248,0xea5d333d420,-1,156355,"eager","</home/tim/local/www/algolia/talksearch/talksearch-scraper/node_modules/lodash/lodash.js:4780:27>","wrong map"
code-deopt,-1,1536,0xea5d333b000,-1,25098,"eager","</home/tim/local/www/algolia/talksearch/talksearch-scraper/node_modules/lodash/lodash.js:676:24>","wrong map"
scavenge,begin,3,201432,1527274654940
scavenge,end,3,203666,1527274654941
scavenge,begin,3,206508,1527274654944
new,MemoryChunk,0x1b31e0d80000,524288
new,MemoryChunk,0x175e01d00000,524288
scavenge,end,3,208066,1527274654945
scavenge,begin,3,210318,1527274654947
scavenge,end,3,210972,1527274654948
scavenge,begin,3,213185,1527274654950
scavenge,end,3,213632,1527274654950
scavenge,begin,3,216047,1527274654953
scavenge,end,3,216535,1527274654953
scavenge,begin,3,218530,1527274654955
scavenge,end,3,218967,1527274654955
scavenge,begin,3,220343,1527274654957
scavenge,end,3,220762,1527274654957
scavenge,begin,3,222166,1527274654958
scavenge,end,3,222650,1527274654959
scavenge,begin,3,224106,1527274654960
scavenge,end,3,224685,1527274654961
scavenge,begin,3,226217,1527274654962
scavenge,end,3,226740,1527274654963
scavenge,begin,3,228325,1527274654964
scavenge,end,3,228804,1527274654965
scavenge,begin,3,230462,1527274654966
scavenge,end,3,230983,1527274654967
scavenge,begin,3,232698,1527274654968
scavenge,end,3,233212,1527274654969
scavenge,begin,3,235000,1527274654971
scavenge,end,3,235515,1527274654971
scavenge,begin,3,283322,1527274663706
scavenge,end,3,285244,1527274663707
code-deopt,-1,1408,0xea5d33413a0,-1,24607,"eager","</home/tim/local/www/algolia/talksearch/talksearch-scraper/node_modules/lodash/lodash.js:656:44>","wrong map"
code-deopt,-1,352,0xea5d3341160,-1,210310,"eager","</home/tim/local/www/algolia/talksearch/talksearch-scraper/node_modules/lodash/lodash.js:6362:18>","wrong instance type"
new,MemoryChunk,0x170eb7400000,798720
new,MemoryChunk,0x23a83a400000,1060864
new,MemoryChunk,0xb1343600000,1585152
new,MemoryChunk,0xd2570080000,798720
new,MemoryChunk,0x390fbd180000,1585152
new,MemoryChunk,0x6247c180000,798720
new,MemoryChunk,0x1e7abe280000,1585152
code-deopt,-1,1248,0xea5d33df860,-1,156355,"eager","</home/tim/local/www/algolia/talksearch/talksearch-scraper/node_modules/lodash/lodash.js:4780:27>","wrong map"
new,MemoryChunk,0x284db5f80000,2732032
scavenge,begin,3,533184,1527274671470
new,MemoryChunk,0x9c14cb80000,524288
scavenge,end,3,537309,1527274671473
new,MemoryChunk,0x20724c600000,15220736
delete,MemoryChunk,0xea5d3080000
delete,MemoryChunk,0xea5d3100000
delete,MemoryChunk,0xea5d3180000
delete,MemoryChunk,0x153551a80000
delete,MemoryChunk,0x269311f80000
delete,MemoryChunk,0x12eb10200000
delete,MemoryChunk,0x1e875900000
delete,MemoryChunk,0x26dbcd80000
delete,MemoryChunk,0x2e9061e00000
delete,MemoryChunk,0xd3477300000
delete,MemoryChunk,0x3704b3600000
delete,MemoryChunk,0x29c38dc80000
delete,MemoryChunk,0x198ad4c00000
delete,MemoryChunk,0xdc34d200000
delete,MemoryChunk,0x14a15cf00000
delete,MemoryChunk,0x7250cc00000
delete,MemoryChunk,0x12828a480000
delete,MemoryChunk,0x1877d3c00000
delete,MemoryChunk,0x32d740500000
delete,MemoryChunk,0xb1446e00000
delete,MemoryChunk,0x2b07b6080000
delete,MemoryChunk,0xd5dfdd80000
delete,MemoryChunk,0x1bed43e00000
delete,MemoryChunk,0xf8464000000
delete,MemoryChunk,0x2a73f7000000
delete,MemoryChunk,0xf8de3180000
delete,MemoryChunk,0x74f5b000000
delete,MemoryChunk,0x180da8c00000
delete,MemoryChunk,0x11b964100000
delete,MemoryChunk,0x36fa44700000
delete,MemoryChunk,0x152016d80000
delete,MemoryChunk,0x34b09d080000
delete,MemoryChunk,0x2f7f43a80000
delete,MemoryChunk,0x8f4c0880000
delete,MemoryChunk,0x128e8b980000
delete,MemoryChunk,0x1e72b7280000
delete,MemoryChunk,0x20e1d5580000
delete,MemoryChunk,0x343e18780000
delete,MemoryChunk,0x18bcea100000
delete,MemoryChunk,0x2341ae80000
delete,MemoryChunk,0x1d953600000
delete,MemoryChunk,0x1375f8c80000
delete,MemoryChunk,0x5a263100000
delete,MemoryChunk,0xbb5c3e80000
delete,MemoryChunk,0x1ffa4fd00000
delete,MemoryChunk,0x6b715f80000
delete,MemoryChunk,0x22f8fb180000
delete,MemoryChunk,0x10c88d380000
delete,MemoryChunk,0x31b1fcf00000
delete,MemoryChunk,0x28d865f00000
delete,MemoryChunk,0x325231500000
delete,MemoryChunk,0xfe11f880000
delete,MemoryChunk,0x282485580000
delete,MemoryChunk,0x198ac1f00000
delete,MemoryChunk,0x2238ba780000
delete,MemoryChunk,0x325f62400000
delete,MemoryChunk,0x95a45000000
delete,MemoryChunk,0x2560e0900000
delete,MemoryChunk,0x2dafe4300000
delete,MemoryChunk,0xf3a33f80000
delete,MemoryChunk,0x16dc5b280000
delete,MemoryChunk,0x1d7898880000
delete,MemoryChunk,0xcb105800000
delete,MemoryChunk,0x3b186c180000
delete,MemoryChunk,0x286b9000000
delete,MemoryChunk,0x9519ab80000
delete,MemoryChunk,0x191080d00000
delete,MemoryChunk,0x1d7204100000
delete,MemoryChunk,0x1d855dd00000
delete,MemoryChunk,0x2722f8d00000
delete,MemoryChunk,0x180aa7380000
delete,MemoryChunk,0x19fd02400000
delete,MemoryChunk,0x344e47300000
delete,MemoryChunk,0x360fbf800000
delete,MemoryChunk,0x3b179ad80000
delete,MemoryChunk,0xcec63200000
delete,MemoryChunk,0x1aed0780000
delete,MemoryChunk,0xc077a000000
delete,MemoryChunk,0x1a406cd00000
delete,MemoryChunk,0x18d551780000
delete,MemoryChunk,0x224a30080000
delete,MemoryChunk,0x258497780000
delete,MemoryChunk,0x2e5373600000
delete,MemoryChunk,0x1671e4e00000
delete,MemoryChunk,0x14804a380000
delete,MemoryChunk,0x2be51c580000
delete,MemoryChunk,0x156c5ab00000
delete,MemoryChunk,0xf7a54080000
delete,MemoryChunk,0x9610580000
delete,MemoryChunk,0x55885300000
delete,MemoryChunk,0x9f2a5c80000
delete,MemoryChunk,0xa708b280000
delete,MemoryChunk,0x3909e3180000
delete,MemoryChunk,0xe5ed9300000
delete,MemoryChunk,0x321f63300000
delete,MemoryChunk,0x1dc041e80000
delete,MemoryChunk,0xb6685680000
delete,MemoryChunk,0x33ea85400000
delete,MemoryChunk,0x33763bd00000
delete,MemoryChunk,0x3d2ba3680000
delete,MemoryChunk,0x245ead480000
delete,MemoryChunk,0x2ba6a1680000
delete,MemoryChunk,0x252dad300000
delete,MemoryChunk,0x2fb1ce000000
delete,MemoryChunk,0x1af65ab00000
delete,MemoryChunk,0x246145880000
delete,MemoryChunk,0xd443fb80000
delete,MemoryChunk,0x24b950d00000
delete,MemoryChunk,0xa4b01900000
delete,MemoryChunk,0x3f845ca80000
delete,MemoryChunk,0x352350f00000
delete,MemoryChunk,0x308f98980000
delete,MemoryChunk,0x91f1780000
delete,MemoryChunk,0xc994be00000
delete,MemoryChunk,0xb5a24400000
delete,MemoryChunk,0x190420800000
delete,MemoryChunk,0x288c66100000
delete,MemoryChunk,0x3a5d8e900000
delete,MemoryChunk,0x2b5294080000
delete,MemoryChunk,0x14b580d80000
delete,MemoryChunk,0x6633a080000
delete,MemoryChunk,0x35eeec700000
delete,MemoryChunk,0x1284c2100000
delete,MemoryChunk,0xd98cee00000
delete,MemoryChunk,0x18421f900000
delete,MemoryChunk,0x29a4e8680000
delete,MemoryChunk,0x282329200000
delete,MemoryChunk,0x39d5e0f80000
delete,MemoryChunk,0x36891d580000
delete,MemoryChunk,0x23eaf9300000
delete,MemoryChunk,0xaf7a300000
delete,MemoryChunk,0x10bb1fe80000
delete,MemoryChunk,0x2ccb99900000
delete,MemoryChunk,0x2bfd3f880000
delete,MemoryChunk,0x30d568380000
delete,MemoryChunk,0xf4ce880000
delete,MemoryChunk,0x34a5a0b00000
delete,MemoryChunk,0x13b94900000
delete,MemoryChunk,0x2a69ed080000
delete,MemoryChunk,0x2ceb2380000
delete,MemoryChunk,0x3d9545080000
delete,MemoryChunk,0x3f5129e80000
delete,MemoryChunk,0x248483d80000
delete,MemoryChunk,0x2eb942b00000
delete,MemoryChunk,0x1bc72c380000
delete,MemoryChunk,0x3f07ec000000
delete,MemoryChunk,0x7c48cc80000
delete,MemoryChunk,0x26ac76700000
delete,MemoryChunk,0x3977f500000
delete,MemoryChunk,0x3b5a4e380000
delete,MemoryChunk,0x50fe2600000
delete,MemoryChunk,0x3787b5500000
delete,MemoryChunk,0x364b10a00000
delete,MemoryChunk,0x2cc5e4c00000
delete,MemoryChunk,0x2a6898880000
delete,MemoryChunk,0xae0bd900000
delete,MemoryChunk,0x22e721600000
delete,MemoryChunk,0xf2b07880000
delete,MemoryChunk,0x1ab2e0b80000
delete,MemoryChunk,0x2399a1e80000
delete,MemoryChunk,0x329193280000
delete,MemoryChunk,0x34ac9cf80000
delete,MemoryChunk,0x140b3f180000
delete,MemoryChunk,0xba4c7780000
delete,MemoryChunk,0x262025080000
delete,MemoryChunk,0xa2a66c00000
delete,MemoryChunk,0x21939c680000
delete,MemoryChunk,0xe553d680000
delete,MemoryChunk,0x3552bea80000
delete,MemoryChunk,0x1d4da2580000
delete,MemoryChunk,0x36445df00000
delete,MemoryChunk,0x3c81daa80000
delete,MemoryChunk,0x285066380000
delete,MemoryChunk,0x1993ec400000
delete,MemoryChunk,0x2490a7f00000
delete,MemoryChunk,0x1bd7da480000
delete,MemoryChunk,0x21f639900000
delete,MemoryChunk,0x13d2b6c80000
delete,MemoryChunk,0x33c3ac800000
delete,MemoryChunk,0x2ce4d1180000
delete,MemoryChunk,0x376983f80000
delete,MemoryChunk,0xcf49f880000
delete,MemoryChunk,0x12bd1ae80000
delete,MemoryChunk,0x3f8040000000
delete,MemoryChunk,0x24832c180000
delete,MemoryChunk,0x2d6711680000
delete,MemoryChunk,0x1ecd0d180000
delete,MemoryChunk,0x203aad800000
delete,MemoryChunk,0x15daf7880000
delete,MemoryChunk,0x39c6f7680000
delete,MemoryChunk,0xd6904280000
delete,MemoryChunk,0x5319f480000
delete,MemoryChunk,0x27bbd2a00000
delete,MemoryChunk,0x37e203c00000
delete,MemoryChunk,0x94686a00000
delete,MemoryChunk,0xd67e9080000
delete,MemoryChunk,0x292837880000
delete,MemoryChunk,0x208282d00000
delete,MemoryChunk,0x1fb3a9500000
delete,MemoryChunk,0x17f4db800000
delete,MemoryChunk,0x1e3a58e00000
delete,MemoryChunk,0x288a1d680000
delete,MemoryChunk,0x70d9c100000
delete,MemoryChunk,0x1a8dbfa00000
delete,MemoryChunk,0x3afcf9380000
delete,MemoryChunk,0x377a64180000
delete,MemoryChunk,0x368d96f80000
delete,MemoryChunk,0x1b31e0d80000
delete,MemoryChunk,0xfd689c00000
delete,MemoryChunk,0x9c14cb80000
delete,MemoryChunk,0x175e01d00000
delete,MemoryChunk,0x690d2580000
delete,MemoryChunk,0xea5d3200000
delete,MemoryChunk,0xea5d3280000
delete,MemoryChunk,0xea5d3300000
delete,MemoryChunk,0xea5d3380000
delete,MemoryChunk,0x70915280000
delete,MemoryChunk,0x2adcc2800000
delete,MemoryChunk,0x25ed30d00000
delete,MemoryChunk,0xffd74e00000
delete,LargeObjectChunk,0x20724c600000
delete,MemoryChunk,0x20724c600000
delete,LargeObjectChunk,0x284db5f80000
delete,MemoryChunk,0x284db5f80000
delete,LargeObjectChunk,0x1e7abe280000
delete,MemoryChunk,0x1e7abe280000
delete,LargeObjectChunk,0x6247c180000
delete,MemoryChunk,0x6247c180000
delete,LargeObjectChunk,0x390fbd180000
delete,MemoryChunk,0x390fbd180000
delete,LargeObjectChunk,0xd2570080000
delete,MemoryChunk,0xd2570080000
delete,LargeObjectChunk,0xb1343600000
delete,MemoryChunk,0xb1343600000
delete,LargeObjectChunk,0x23a83a400000
delete,MemoryChunk,0x23a83a400000
delete,LargeObjectChunk,0x170eb7400000
delete,MemoryChunk,0x170eb7400000
delete,LargeObjectChunk,0x24345ca80000
delete,MemoryChunk,0x24345ca80000
delete,LargeObjectChunk,0x3d463f800000
delete,MemoryChunk,0x3d463f800000
delete,LargeObjectChunk,0xe4829880000
delete,MemoryChunk,0xe4829880000
delete,LargeObjectChunk,0x9cfa0600000
delete,MemoryChunk,0x9cfa0600000
delete,LargeObjectChunk,0xbef99e80000
delete,MemoryChunk,0xbef99e80000
delete,LargeObjectChunk,0x391ead080000
delete,MemoryChunk,0x391ead080000
