v8-version,6,2,414,44,-node.11,0
new,CodeRange,0x19337690a000,536870912
new,MemoryChunk,0x361f80700000,524288
new,MemoryChunk,0x14380bd80000,524288
heap-capacity,1031168
heap-available,1501010432
new,MemoryChunk,0x193376980000,524288
new,MemoryChunk,0x193376a00000,524288
new,MemoryChunk,0x193376a80000,524288
new,MemoryChunk,0x1ba11d880000,524288
new,MemoryChunk,0x193376b00000,524288
new,MemoryChunk,0x193376b80000,524288
new,MemoryChunk,0x193376c00000,524288
new,MemoryChunk,0x1436a1f80000,524288
new,MemoryChunk,0x17796b200000,524288
new,MemoryChunk,0x347cc6900000,524288
new,MemoryChunk,0x1b5568f80000,524288
new,MemoryChunk,0x193376c80000,524288
check-maps-depth,1
check-maps-depth,1
check-maps-depth,1
check-maps-depth,1
check-maps-depth,1
check-maps-depth,1
check-maps-depth,1
new,MemoryChunk,0x1a5741b80000,524288
new,MemoryChunk,0x27284700000,524288
scavenge,begin,0,20905,1526907029287
scavenge,end,0,21517,1526907029288
scavenge,begin,0,25817,1526907029292
new,MemoryChunk,0x373b28b00000,524288
new,MemoryChunk,0x113189480000,524288
scavenge,end,0,26604,1526907029293
check-maps-depth,1
check-maps-depth,1
check-maps-depth,1
check-maps-depth,1
check-maps-depth,1
check-maps-depth,1
new,MemoryChunk,0xb2e3c680000,524288
new,MemoryChunk,0x311809380000,524288
new,MemoryChunk,0x16344480000,524288
new,MemoryChunk,0x2315af080000,524288
new,MemoryChunk,0x1fe88ab80000,524288
scavenge,begin,0,43118,1526907029310
new,MemoryChunk,0x2217a8900000,524288
new,MemoryChunk,0x17494fb80000,524288
scavenge,end,0,43935,1526907029310
check-maps-depth,1
check-maps-depth,1
check-maps-depth,1
check-maps-depth,1
scavenge,begin,0,64220,1526907029328
scavenge,end,0,65345,1526907029329
scavenge,begin,0,79761,1526907029344
new,MemoryChunk,0x3ecc93280000,524288
new,MemoryChunk,0x91d9b880000,524288
scavenge,end,0,80945,1526907029345
new,MemoryChunk,0xdd081880000,524288
new,MemoryChunk,0x3e07f6580000,524288
new,MemoryChunk,0x187061c80000,524288
new,MemoryChunk,0x3446a6180000,524288
new,MemoryChunk,0x6b287980000,524288
new,MemoryChunk,0x2bb4adc00000,524288
new,MemoryChunk,0xa862f280000,524288
new,MemoryChunk,0x26ec0a200000,524288
scavenge,begin,0,96864,1526907029359
new,MemoryChunk,0x150b67900000,524288
new,MemoryChunk,0x2b65d9000000,524288
new,MemoryChunk,0xc720000000,524288
scavenge,end,0,98340,1526907029360
scavenge,begin,0,118597,1526907029388
new,MemoryChunk,0x101837100000,524288
new,MemoryChunk,0xf272c000000,524288
scavenge,end,0,119170,1526907029389
scavenge,begin,0,143512,1526907029414
new,MemoryChunk,0xa8ed1c00000,524288
new,MemoryChunk,0x140869e00000,524288
new,MemoryChunk,0x2d1bb3280000,524288
scavenge,end,0,146108,1526907029415
new,MemoryChunk,0x1d3587280000,524288
scavenge,begin,0,166955,1526907029436
new,MemoryChunk,0x30a4f9b80000,524288
new,MemoryChunk,0x37f89df00000,524288
new,MemoryChunk,0x1461dad00000,524288
scavenge,end,0,168979,1526907029436
new,MemoryChunk,0x677d4480000,524288
new,MemoryChunk,0x170a00880000,524288
new,MemoryChunk,0x2483ea080000,524288
new,MemoryChunk,0x281074800000,524288
new,MemoryChunk,0x3ed20f780000,524288
new,MemoryChunk,0x2a40a3680000,524288
new,MemoryChunk,0x26cf88a00000,524288
new,MemoryChunk,0x24ae0aa80000,524288
new,MemoryChunk,0x143940780000,524288
new,MemoryChunk,0x238381c80000,524288
new,MemoryChunk,0x172d7fe00000,524288
new,MemoryChunk,0x152a0f680000,524288
new,MemoryChunk,0x7075ea00000,524288
new,MemoryChunk,0x30217080000,524288
new,MemoryChunk,0x2327da980000,524288
new,MemoryChunk,0x2d6b75e00000,524288
scavenge,begin,0,170685,1526907029438
new,MemoryChunk,0x246013900000,524288
new,MemoryChunk,0x1f6856400000,524288
new,MemoryChunk,0x3e0ab4480000,524288
scavenge,end,0,173458,1526907029439
scavenge,begin,0,211610,1526907029486
new,MemoryChunk,0x25da02580000,524288
new,MemoryChunk,0x33e686980000,524288
new,MemoryChunk,0x1f3ffaf80000,524288
new,MemoryChunk,0x3b6447900000,524288
new,MemoryChunk,0x1c1b50900000,524288
scavenge,end,0,215643,1526907029488
new,MemoryChunk,0x2fdd3f580000,524288
scavenge,begin,0,323455,1526907029604
new,MemoryChunk,0xaffa4e80000,524288
new,MemoryChunk,0x2161a1100000,524288
new,MemoryChunk,0x7087c580000,524288
new,MemoryChunk,0x2b0e5a500000,524288
new,MemoryChunk,0x5921a480000,524288
scavenge,end,0,327592,1526907029606
check-maps-depth,1
check-maps-depth,1
new,MemoryChunk,0x150fbfb00000,524288
new,MemoryChunk,0x1459c1480000,524288
new,MemoryChunk,0xad6a0a80000,524288
new,MemoryChunk,0x24375fd00000,524288
new,MemoryChunk,0x219319880000,524288
new,MemoryChunk,0x1fea57080000,524288
new,MemoryChunk,0x287a59680000,524288
new,MemoryChunk,0x14ef39e00000,524288
new,MemoryChunk,0x29f839a00000,524288
new,MemoryChunk,0x3062f9500000,524288
new,MemoryChunk,0x33edfc680000,524288
new,MemoryChunk,0x4563e500000,524288
new,MemoryChunk,0x25fd95f00000,524288
new,MemoryChunk,0x693ef580000,524288
new,MemoryChunk,0x36172d180000,524288
new,MemoryChunk,0x264d2e580000,524288
new,MemoryChunk,0xc5da4900000,524288
new,MemoryChunk,0x356755980000,524288
new,MemoryChunk,0x233f21000000,524288
new,MemoryChunk,0x2e2612780000,524288
new,MemoryChunk,0x3d645a80000,524288
new,MemoryChunk,0x38e761480000,524288
new,MemoryChunk,0x38b15d400000,524288
new,MemoryChunk,0x961d6f00000,524288
new,MemoryChunk,0x31d89f780000,524288
new,MemoryChunk,0xb822b80000,524288
new,MemoryChunk,0x238bacc80000,524288
new,MemoryChunk,0x30b326580000,524288
new,MemoryChunk,0x24b4d7a80000,524288
new,MemoryChunk,0xe5f0bf00000,524288
new,MemoryChunk,0x2108f0180000,524288
new,MemoryChunk,0x1f7e0a280000,524288
scavenge,begin,0,415032,1526907029730
new,MemoryChunk,0x1421ebb00000,524288
new,MemoryChunk,0x13c603680000,524288
new,MemoryChunk,0x19af17a00000,524288
new,MemoryChunk,0x3fd9b780000,524288
new,MemoryChunk,0xd916c800000,524288
new,MemoryChunk,0x938f9c00000,524288
scavenge,end,0,425948,1526907029733
markcompact,begin,0,437890,1526907029752
new,MemoryChunk,0x321537780000,524288
new,MemoryChunk,0x23eecd00000,524288
markcompact,end,0,440519,1526907029753
check-maps-depth,1
check-maps-depth,1
new,MemoryChunk,0x32f541700000,15020032
new,MemoryChunk,0x39337a880000,729088
new,MemoryChunk,0x25274c180000,1449984
new,MemoryChunk,0x39a77c180000,2887680
new,MemoryChunk,0x207d73a80000,5763072
new,MemoryChunk,0x372905480000,11513856
new,MemoryChunk,0x3c3ba4e80000,843776
new,MemoryChunk,0x172b84180000,524288
new,MemoryChunk,0x3e2574900000,819200
new,MemoryChunk,0x143044a00000,1630208
new,MemoryChunk,0x29e939c80000,3248128
new,MemoryChunk,0x2e6303800000,524288
markcompact,begin,0,508767,1526907029845
delete,MemoryChunk,0x143044a00000
delete,MemoryChunk,0x3e2574900000
delete,MemoryChunk,0x207d73a80000
markcompact,end,0,510587,1526907029846
new,MemoryChunk,0x289069080000,524288
check-maps-depth,1
new,MemoryChunk,0x257e33480000,622592
new,MemoryChunk,0x822c2380000,622592
code-deopt,-1,1184,0x193376c9c4c0,-1,12896,"soft","</home/tim/local/www/algolia/talksearch/talksearch-scraper/node_modules/regenerate/regenerate.js:464:10>","Insufficient type feedback for call"
code-deopt,-1,1184,0x193376c9c960,-1,3026,"soft","</home/tim/local/www/algolia/talksearch/talksearch-scraper/node_modules/regenerate/regenerate.js:105:14>","Insufficient type feedback for generic named access"
code-deopt,-1,1152,0x193376ca1020,-1,11892,"eager","</home/tim/local/www/algolia/talksearch/talksearch-scraper/node_modules/babel-types/lib/index.js:401:16>","wrong instance type"
scavenge,begin,0,675712,1526907029993
new,MemoryChunk,0x11b9d5d80000,524288
new,MemoryChunk,0x3d9cf8600000,524288
scavenge,end,0,681949,1526907029995
check-maps-depth,1
check-maps-depth,1
code-deopt,-1,11360,0x193376cac320,4,2171,"soft","</home/tim/local/www/algolia/talksearch/talksearch-scraper/node_modules/babel-traverse/lib/path/context.js:89:33> inlined at </home/tim/local/www/algolia/talksearch/talksearch-scraper/node_modules/babel-traverse/lib/path/context.js:97:12> inlined at </home/tim/local/www/algolia/talksearch/talksearch-scraper/node_modules/babel-traverse/lib/context.js:150:16>","Insufficient type feedback for generic named access"
code-deopt,-1,11360,0x193376cac320,1,1212,"lazy","</home/tim/local/www/algolia/talksearch/talksearch-scraper/node_modules/babel-traverse/lib/path/context.js:48:17> inlined at </home/tim/local/www/algolia/talksearch/talksearch-scraper/node_modules/babel-traverse/lib/path/context.js:105:12> inlined at </home/tim/local/www/algolia/talksearch/talksearch-scraper/node_modules/babel-traverse/lib/context.js:150:16>","no reason"
code-deopt,-1,11360,0x193376cac320,0,2626,"lazy","</home/tim/local/www/algolia/talksearch/talksearch-scraper/node_modules/babel-traverse/lib/path/context.js:115:19> inlined at </home/tim/local/www/algolia/talksearch/talksearch-scraper/node_modules/babel-traverse/lib/context.js:150:16>","no reason"
code-deopt,-1,11360,0x193376cac320,0,2626,"lazy","</home/tim/local/www/algolia/talksearch/talksearch-scraper/node_modules/babel-traverse/lib/path/context.js:115:19> inlined at </home/tim/local/www/algolia/talksearch/talksearch-scraper/node_modules/babel-traverse/lib/context.js:150:16>","no reason"
code-deopt,-1,11360,0x193376cac320,0,2626,"lazy","</home/tim/local/www/algolia/talksearch/talksearch-scraper/node_modules/babel-traverse/lib/path/context.js:115:19> inlined at </home/tim/local/www/algolia/talksearch/talksearch-scraper/node_modules/babel-traverse/lib/context.js:150:16>","no reason"
code-deopt,-1,3872,0x193376cb7880,6,4557,"eager","</home/tim/local/www/algolia/talksearch/talksearch-scraper/node_modules/babel-types/lib/validators.js:177:71> inlined at </home/tim/local/www/algolia/talksearch/talksearch-scraper/node_modules/babel-types/lib/validators.js:181:75>","wrong map"
code-deopt,-1,11360,0x193376cac320,0,2626,"lazy","</home/tim/local/www/algolia/talksearch/talksearch-scraper/node_modules/babel-traverse/lib/path/context.js:115:19> inlined at </home/tim/local/www/algolia/talksearch/talksearch-scraper/node_modules/babel-traverse/lib/context.js:150:16>","no reason"
scavenge,begin,0,826651,1526907030096
new,MemoryChunk,0xaf237180000,524288
new,MemoryChunk,0x264798f80000,524288
new,MemoryChunk,0x3b046e800000,524288
new,MemoryChunk,0xbbff5600000,524288
new,MemoryChunk,0x3a9a9ed80000,524288
new,MemoryChunk,0x22e102880000,524288
new,MemoryChunk,0x249f61b80000,524288
scavenge,end,0,833382,1526907030099
code-deopt,-1,4384,0x193376cc0ba0,0,1989,"eager","</home/tim/local/www/algolia/talksearch/talksearch-scraper/node_modules/babel-generator/lib/source-map.js:62:69> inlined at </home/tim/local/www/algolia/talksearch/talksearch-scraper/node_modules/babel-generator/lib/buffer.js:96:17>","not a Smi"
check-maps-depth,1
check-maps-depth,1
check-maps-depth,1
check-maps-depth,1
new,MemoryChunk,0x14acdc900000,536576
new,MemoryChunk,0xa7473a80000,524288
code-deopt,-1,4160,0x193376ccbe40,-1,10020,"eager","<native array.js:573:19>","no reason"
scavenge,begin,0,950892,1526907030202
new,MemoryChunk,0x7e881e00000,524288
new,MemoryChunk,0xe0c79000000,524288
new,MemoryChunk,0x1e173bc00000,524288
new,MemoryChunk,0x33a35da00000,524288
new,MemoryChunk,0x192903f80000,524288
new,MemoryChunk,0x2ed2be500000,524288
scavenge,end,0,959778,1526907030205
new,MemoryChunk,0x2a50e8180000,524288
code-deopt,-1,12512,0x193376cb93c0,3,4471,"soft","</home/tim/local/www/algolia/talksearch/talksearch-scraper/node_modules/babel-traverse/lib/path/context.js:213:18> inlined at </home/tim/local/www/algolia/talksearch/talksearch-scraper/node_modules/babel-traverse/lib/path/context.js:175:8> inlined at </home/tim/local/www/algolia/talksearch/talksearch-scraper/node_modules/babel-traverse/lib/context.js:135:12>","Insufficient type feedback for generic named access"
new,MemoryChunk,0x15be0a080000,1089536
new,MemoryChunk,0xf4cf3100000,1089536
new,MemoryChunk,0x1303f0900000,524288
code-deopt,-1,3904,0x193376cc3d00,11,15445,"lazy","<module.js:503:12> inlined at <module.js:495:3> inlined at <module.js:585:17> inlined at <internal/module.js:11:18>","no reason"
code-deopt,-1,3904,0x193376cc3d00,11,15445,"lazy","<module.js:503:12> inlined at <module.js:495:3> inlined at <module.js:585:17> inlined at <internal/module.js:11:18>","no reason"
code-deopt,-1,3904,0x193376cc3d00,11,15445,"lazy","<module.js:503:12> inlined at <module.js:495:3> inlined at <module.js:585:17> inlined at <internal/module.js:11:18>","no reason"
new,MemoryChunk,0x4d98bb80000,524288
code-deopt,-1,2176,0x193376cce3c0,-1,9602,"eager","<native array.js:542:23>","wrong map"
scavenge,begin,1,49436,1526907030298
new,MemoryChunk,0x69af7700000,524288
new,MemoryChunk,0x26aa2c580000,524288
new,MemoryChunk,0xc9cb5380000,524288
new,MemoryChunk,0x141cb9880000,524288
new,MemoryChunk,0x21de7a300000,524288
new,MemoryChunk,0xaa0b9580000,524288
new,MemoryChunk,0x309357e80000,524288
new,MemoryChunk,0x3a7ce4f80000,524288
scavenge,end,1,57641,1526907030301
scavenge,begin,1,63143,1526907030310
new,MemoryChunk,0x195d4b880000,524288
new,MemoryChunk,0x2f5741100000,524288
new,MemoryChunk,0x2cdf3d00000,524288
new,MemoryChunk,0x136fd9680000,524288
new,MemoryChunk,0x7c06f400000,524288
new,MemoryChunk,0x1aae16280000,524288
new,MemoryChunk,0x2bf2aed00000,524288
new,MemoryChunk,0x202f76080000,524288
new,MemoryChunk,0x6e120980000,524288
new,MemoryChunk,0x41a98100000,524288
new,MemoryChunk,0x40ed1d00000,524288
new,MemoryChunk,0x3410b1480000,524288
new,MemoryChunk,0x321c79080000,524288
scavenge,end,1,69926,1526907030314
new,MemoryChunk,0x13e936f80000,15020032
markcompact,begin,1,117448,1526907030381
delete,MemoryChunk,0x1aae16280000
delete,MemoryChunk,0x2bf2aed00000
delete,MemoryChunk,0x202f76080000
delete,MemoryChunk,0x6e120980000
delete,MemoryChunk,0x41a98100000
delete,MemoryChunk,0x40ed1d00000
delete,MemoryChunk,0x3410b1480000
delete,MemoryChunk,0x321c79080000
delete,MemoryChunk,0x13e936f80000
delete,MemoryChunk,0x15be0a080000
delete,MemoryChunk,0x822c2380000
delete,MemoryChunk,0x257e33480000
delete,MemoryChunk,0x39a77c180000
delete,MemoryChunk,0x25274c180000
delete,MemoryChunk,0x39337a880000
delete,MemoryChunk,0x32f541700000
markcompact,end,1,118633,1526907030382
check-maps-depth,3
check-maps-depth,1
check-maps-depth,1
check-maps-depth,1
check-maps-depth,1
scavenge,begin,1,356075,1526907031475
scavenge,end,1,363547,1526907031477
code-deopt,-1,3296,0x193376c4d060,0,874,"soft","</home/tim/local/www/algolia/talksearch/talksearch-scraper/node_modules/cheerio/node_modules/lodash/_shortOut.js:28:25> inlined at </home/tim/local/www/algolia/talksearch/talksearch-scraper/node_modules/cheerio/node_modules/lodash/_setWrapToString.js:18:10>","Insufficient type feedback for generic keyed access"
scavenge,begin,1,468165,1526907031545
scavenge,end,1,478039,1526907031548
scavenge,begin,1,547124,1526907031599
scavenge,end,1,558769,1526907031603
new,MemoryChunk,0x1e3248880000,524288
scavenge,begin,1,610279,1526907031646
new,MemoryChunk,0x1a1f20200000,524288
new,MemoryChunk,0x36edd5e00000,524288
scavenge,end,1,621605,1526907031650
scavenge,begin,1,685613,1526907031699
new,MemoryChunk,0x3611d000000,524288
new,MemoryChunk,0x1291da080000,524288
new,MemoryChunk,0x3e6658c80000,524288
new,MemoryChunk,0x1f60ff480000,524288
new,MemoryChunk,0x19c144900000,524288
scavenge,end,1,702824,1526907031703
scavenge,begin,1,744035,1526907031737
new,MemoryChunk,0x180615c80000,524288
new,MemoryChunk,0x275250c80000,524288
new,MemoryChunk,0x81593f00000,524288
new,MemoryChunk,0x138746a00000,524288
new,MemoryChunk,0x2ba120280000,524288
new,MemoryChunk,0x1b8f50f00000,524288
new,MemoryChunk,0x25bdd3c00000,524288
scavenge,end,1,753647,1526907031740
new,MemoryChunk,0x34a3e8480000,524288
scavenge,begin,1,798411,1526907031775
new,MemoryChunk,0x3f373ad80000,524288
new,MemoryChunk,0x290791900000,524288
new,MemoryChunk,0x2bfa2a800000,524288
new,MemoryChunk,0x3b6e5a300000,524288
new,MemoryChunk,0x2c32e7400000,524288
scavenge,end,1,801711,1526907031778
scavenge,begin,1,842000,1526907031809
new,MemoryChunk,0x9b6f6900000,524288
new,MemoryChunk,0x215e19180000,524288
new,MemoryChunk,0x23e0bb500000,524288
new,MemoryChunk,0x2f9852780000,524288
new,MemoryChunk,0x2486f2d80000,524288
scavenge,end,1,851138,1526907031812
scavenge,begin,1,890256,1526907031845
new,MemoryChunk,0x3105d4500000,524288
new,MemoryChunk,0x257be1080000,524288
new,MemoryChunk,0xfb4ee380000,524288
new,MemoryChunk,0x1c21bf880000,524288
scavenge,end,1,899004,1526907031848
new,MemoryChunk,0x2e2ece480000,524288
scavenge,begin,1,928258,1526907031874
new,MemoryChunk,0x37d351700000,524288
new,MemoryChunk,0x1b8fe3c80000,524288
new,MemoryChunk,0xa9feaf00000,524288
new,MemoryChunk,0x14b37ec00000,524288
new,MemoryChunk,0x1347b080000,524288
scavenge,end,1,938076,1526907031877
scavenge,begin,1,996037,1526907031913
new,MemoryChunk,0x20383bc80000,524288
new,MemoryChunk,0x9068e080000,524288
new,MemoryChunk,0xb7928f80000,524288
new,MemoryChunk,0x14d533a80000,524288
new,MemoryChunk,0x8d442e00000,524288
new,MemoryChunk,0x27b1a7b00000,524288
new,MemoryChunk,0x20dd78100000,524288
scavenge,end,2,1036,1526907031917
new,MemoryChunk,0x294c16a80000,524288
markcompact,begin,2,52005,1526907031962
delete,MemoryChunk,0x2e2ece480000
delete,MemoryChunk,0x294c16a80000
delete,MemoryChunk,0x20dd78100000
delete,MemoryChunk,0x20383bc80000
markcompact,end,2,55783,1526907031964
check-maps-depth,3
check-maps-depth,3
scavenge,begin,2,166982,1526907032141
scavenge,end,2,180848,1526907032146
code-deopt,-1,7488,0x193376cefa20,13,161358,"eager","</home/tim/local/www/algolia/talksearch/talksearch-scraper/node_modules/lodash/lodash.js:4940:28> inlined at </home/tim/local/www/algolia/talksearch/talksearch-scraper/node_modules/lodash/lodash.js:3611:7> inlined at </home/tim/local/www/algolia/talksearch/talksearch-scraper/node_modules/lodash/lodash.js:3700:9> inlined at </home/tim/local/www/algolia/talksearch/talksearch-scraper/node_modules/lodash/lodash.js:3614:11>","wrong map"
code-deopt,-1,7488,0x193376cefa20,13,161465,"lazy","</home/tim/local/www/algolia/talksearch/talksearch-scraper/node_modules/lodash/lodash.js:4944:15> inlined at </home/tim/local/www/algolia/talksearch/talksearch-scraper/node_modules/lodash/lodash.js:3611:7> inlined at </home/tim/local/www/algolia/talksearch/talksearch-scraper/node_modules/lodash/lodash.js:3700:9> inlined at </home/tim/local/www/algolia/talksearch/talksearch-scraper/node_modules/lodash/lodash.js:3614:11>","no reason"
scavenge,begin,2,243862,1526907032177
scavenge,end,2,250537,1526907032180
new,MemoryChunk,0x38443df80000,1126400
new,MemoryChunk,0x14fff8780000,1126400
scavenge,begin,2,277144,1526907032215
scavenge,end,2,279581,1526907032217
new,MemoryChunk,0x1e217ec00000,15020032
delete,MemoryChunk,0x193376980000
delete,MemoryChunk,0x193376a00000
delete,MemoryChunk,0x193376a80000
delete,MemoryChunk,0x361f80700000
delete,MemoryChunk,0x14380bd80000
delete,MemoryChunk,0x311809380000
delete,MemoryChunk,0x16344480000
delete,MemoryChunk,0x6b287980000
delete,MemoryChunk,0x2bb4adc00000
delete,MemoryChunk,0xa862f280000
delete,MemoryChunk,0x26ec0a200000
delete,MemoryChunk,0x143940780000
delete,MemoryChunk,0x238381c80000
delete,MemoryChunk,0x172d7fe00000
delete,MemoryChunk,0x152a0f680000
delete,MemoryChunk,0x7075ea00000
delete,MemoryChunk,0x30217080000
delete,MemoryChunk,0x2327da980000
delete,MemoryChunk,0x2d6b75e00000
delete,MemoryChunk,0x150fbfb00000
delete,MemoryChunk,0x1459c1480000
delete,MemoryChunk,0xad6a0a80000
delete,MemoryChunk,0x24375fd00000
delete,MemoryChunk,0x219319880000
delete,MemoryChunk,0x1fea57080000
delete,MemoryChunk,0x287a59680000
delete,MemoryChunk,0x14ef39e00000
delete,MemoryChunk,0x29f839a00000
delete,MemoryChunk,0x3062f9500000
delete,MemoryChunk,0x33edfc680000
delete,MemoryChunk,0x4563e500000
delete,MemoryChunk,0x25fd95f00000
delete,MemoryChunk,0x693ef580000
delete,MemoryChunk,0x36172d180000
delete,MemoryChunk,0x264d2e580000
delete,MemoryChunk,0x23eecd00000
delete,MemoryChunk,0x321537780000
delete,MemoryChunk,0x2315af080000
delete,MemoryChunk,0x1fe88ab80000
delete,MemoryChunk,0xdd081880000
delete,MemoryChunk,0x3e07f6580000
delete,MemoryChunk,0x187061c80000
delete,MemoryChunk,0x3446a6180000
delete,MemoryChunk,0x677d4480000
delete,MemoryChunk,0x170a00880000
delete,MemoryChunk,0x2483ea080000
delete,MemoryChunk,0x281074800000
delete,MemoryChunk,0x3ed20f780000
delete,MemoryChunk,0x2a40a3680000
delete,MemoryChunk,0x26cf88a00000
delete,MemoryChunk,0x24ae0aa80000
delete,MemoryChunk,0xc5da4900000
delete,MemoryChunk,0x356755980000
delete,MemoryChunk,0x233f21000000
delete,MemoryChunk,0x2e2612780000
delete,MemoryChunk,0x3d645a80000
delete,MemoryChunk,0x38e761480000
delete,MemoryChunk,0x38b15d400000
delete,MemoryChunk,0x961d6f00000
delete,MemoryChunk,0x31d89f780000
delete,MemoryChunk,0xb822b80000
delete,MemoryChunk,0x238bacc80000
delete,MemoryChunk,0x30b326580000
delete,MemoryChunk,0x24b4d7a80000
delete,MemoryChunk,0xe5f0bf00000
delete,MemoryChunk,0x2108f0180000
delete,MemoryChunk,0x1f7e0a280000
delete,MemoryChunk,0x1ba11d880000
delete,MemoryChunk,0x17796b200000
delete,MemoryChunk,0x373b28b00000
delete,MemoryChunk,0xb2e3c680000
delete,MemoryChunk,0x1b5568f80000
delete,MemoryChunk,0x101837100000
delete,MemoryChunk,0x246013900000
delete,MemoryChunk,0x1f6856400000
delete,MemoryChunk,0x2fdd3f580000
delete,MemoryChunk,0x2161a1100000
delete,MemoryChunk,0x1f3ffaf80000
delete,MemoryChunk,0x3fd9b780000
delete,MemoryChunk,0x25da02580000
delete,MemoryChunk,0xaf237180000
delete,MemoryChunk,0x1461dad00000
delete,MemoryChunk,0xa7473a80000
delete,MemoryChunk,0xf272c000000
delete,MemoryChunk,0x2b65d9000000
delete,MemoryChunk,0x3ecc93280000
delete,MemoryChunk,0x30a4f9b80000
delete,MemoryChunk,0x1303f0900000
delete,MemoryChunk,0x69af7700000
delete,MemoryChunk,0x192903f80000
delete,MemoryChunk,0x4d98bb80000
delete,MemoryChunk,0x938f9c00000
delete,MemoryChunk,0x2cdf3d00000
delete,MemoryChunk,0x2ed2be500000
delete,MemoryChunk,0x140869e00000
delete,MemoryChunk,0xd916c800000
delete,MemoryChunk,0xa8ed1c00000
delete,MemoryChunk,0x195d4b880000
delete,MemoryChunk,0x1e173bc00000
delete,MemoryChunk,0xe0c79000000
delete,MemoryChunk,0x33a35da00000
delete,MemoryChunk,0x136fd9680000
delete,MemoryChunk,0x2f5741100000
delete,MemoryChunk,0x27284700000
delete,MemoryChunk,0x172b84180000
delete,MemoryChunk,0x19af17a00000
delete,MemoryChunk,0x7e881e00000
delete,MemoryChunk,0x21de7a300000
delete,MemoryChunk,0x2d1bb3280000
delete,MemoryChunk,0x22e102880000
delete,MemoryChunk,0x36edd5e00000
delete,MemoryChunk,0x150b67900000
delete,MemoryChunk,0x3d9cf8600000
delete,MemoryChunk,0x11b9d5d80000
delete,MemoryChunk,0x1c1b50900000
delete,MemoryChunk,0xbbff5600000
delete,MemoryChunk,0x1421ebb00000
delete,MemoryChunk,0x2e6303800000
delete,MemoryChunk,0x3611d000000
delete,MemoryChunk,0x3b046e800000
delete,MemoryChunk,0x2b0e5a500000
delete,MemoryChunk,0x264798f80000
delete,MemoryChunk,0x3b6447900000
delete,MemoryChunk,0xaffa4e80000
delete,MemoryChunk,0x37f89df00000
delete,MemoryChunk,0x33e686980000
delete,MemoryChunk,0x3a7ce4f80000
delete,MemoryChunk,0x26aa2c580000
delete,MemoryChunk,0x309357e80000
delete,MemoryChunk,0x1a5741b80000
delete,MemoryChunk,0x5921a480000
delete,MemoryChunk,0x249f61b80000
delete,MemoryChunk,0xc720000000
delete,MemoryChunk,0x113189480000
delete,MemoryChunk,0x141cb9880000
delete,MemoryChunk,0x2217a8900000
delete,MemoryChunk,0x1f60ff480000
delete,MemoryChunk,0x3e6658c80000
delete,MemoryChunk,0x3a9a9ed80000
delete,MemoryChunk,0x1291da080000
delete,MemoryChunk,0x289069080000
delete,MemoryChunk,0x81593f00000
delete,MemoryChunk,0xc9cb5380000
delete,MemoryChunk,0x13c603680000
delete,MemoryChunk,0xaa0b9580000
delete,MemoryChunk,0x275250c80000
delete,MemoryChunk,0x2ba120280000
delete,MemoryChunk,0x91d9b880000
delete,MemoryChunk,0x290791900000
delete,MemoryChunk,0x138746a00000
delete,MemoryChunk,0x2bfa2a800000
delete,MemoryChunk,0x3b6e5a300000
delete,MemoryChunk,0x215e19180000
delete,MemoryChunk,0x2c32e7400000
delete,MemoryChunk,0x23e0bb500000
delete,MemoryChunk,0x2f9852780000
delete,MemoryChunk,0xa9feaf00000
delete,MemoryChunk,0x14b37ec00000
delete,MemoryChunk,0x19c144900000
delete,MemoryChunk,0x1347b080000
delete,MemoryChunk,0x17494fb80000
delete,MemoryChunk,0x3e0ab4480000
delete,MemoryChunk,0x25bdd3c00000
delete,MemoryChunk,0x14d533a80000
delete,MemoryChunk,0x2486f2d80000
delete,MemoryChunk,0x7087c580000
delete,MemoryChunk,0x27b1a7b00000
delete,MemoryChunk,0x7c06f400000
delete,MemoryChunk,0x3105d4500000
delete,MemoryChunk,0x8d442e00000
delete,MemoryChunk,0xb7928f80000
delete,MemoryChunk,0x1b8f50f00000
delete,MemoryChunk,0x1c21bf880000
delete,MemoryChunk,0x1b8fe3c80000
delete,MemoryChunk,0x3f373ad80000
delete,MemoryChunk,0x257be1080000
delete,MemoryChunk,0x37d351700000
delete,MemoryChunk,0x1a1f20200000
delete,MemoryChunk,0x9068e080000
delete,MemoryChunk,0x9b6f6900000
delete,MemoryChunk,0x180615c80000
delete,MemoryChunk,0xfb4ee380000
delete,MemoryChunk,0x193376b00000
delete,MemoryChunk,0x193376b80000
delete,MemoryChunk,0x193376c00000
delete,MemoryChunk,0x193376c80000
delete,MemoryChunk,0x1436a1f80000
delete,MemoryChunk,0x347cc6900000
delete,MemoryChunk,0x1d3587280000
delete,MemoryChunk,0x2a50e8180000
delete,MemoryChunk,0x1e3248880000
delete,MemoryChunk,0x34a3e8480000
delete,LargeObjectChunk,0x1e217ec00000
delete,MemoryChunk,0x1e217ec00000
delete,LargeObjectChunk,0x14fff8780000
delete,MemoryChunk,0x14fff8780000
delete,LargeObjectChunk,0x38443df80000
delete,MemoryChunk,0x38443df80000
delete,LargeObjectChunk,0xf4cf3100000
delete,MemoryChunk,0xf4cf3100000
delete,LargeObjectChunk,0x14acdc900000
delete,MemoryChunk,0x14acdc900000
delete,LargeObjectChunk,0x29e939c80000
delete,MemoryChunk,0x29e939c80000
delete,LargeObjectChunk,0x3c3ba4e80000
delete,MemoryChunk,0x3c3ba4e80000
delete,LargeObjectChunk,0x372905480000
delete,MemoryChunk,0x372905480000
